<?xml version="1.0" encoding="UTF-8"?>
<!-- Generated by org.testng.reporters.JUnitReportReporter -->
<testsuite skipped="0" hostname="123mm" name="com.goibio.testcases.FlightBookingTest" tests="1" failures="0" timestamp="27 Sep 2020 02:05:16 GMT" time="45.253" errors="0">
  <testcase name="flightbooking" time="45.253" classname="com.goibio.testcases.FlightBookingTest"/>
</testsuite> <!-- com.goibio.testcases.FlightBookingTest -->
