<?xml version="1.0" encoding="UTF-8"?>
<testsuite xmlns:xsi="http://www.w3.org/2001/XMLSchema-instance" xsi:noNamespaceSchemaLocation="https://maven.apache.org/surefire/maven-surefire-plugin/xsd/surefire-test-report-3.0.xsd" version="3.0" name="TestSuite" time="154.537" tests="3" errors="0" skipped="0" failures="0">
  <properties>
    <property name="sun.desktop" value="windows"/>
    <property name="awt.toolkit" value="sun.awt.windows.WToolkit"/>
    <property name="file.encoding.pkg" value="sun.io"/>
    <property name="java.specification.version" value="1.8"/>
    <property name="webdriver.chrome.driver" value="C:\Users\1234\TestNGProject\goibio\src\main\java\resources\chromedriver.exe"/>
    <property name="sun.cpu.isalist" value="amd64"/>
    <property name="sun.jnu.encoding" value="Cp1252"/>
    <property name="java.class.path" value="C:\Users\1234\TestNGProject\goibio\target\test-classes;C:\Users\1234\TestNGProject\goibio\target\classes;C:\Users\1234\.m2\repository\junit\junit\3.8.1\junit-3.8.1.jar;C:\Users\1234\.m2\repository\org\seleniumhq\selenium\selenium-java\3.6.0\selenium-java-3.6.0.jar;C:\Users\1234\.m2\repository\org\seleniumhq\selenium\selenium-api\3.6.0\selenium-api-3.6.0.jar;C:\Users\1234\.m2\repository\org\seleniumhq\selenium\selenium-chrome-driver\3.6.0\selenium-chrome-driver-3.6.0.jar;C:\Users\1234\.m2\repository\org\seleniumhq\selenium\selenium-edge-driver\3.6.0\selenium-edge-driver-3.6.0.jar;C:\Users\1234\.m2\repository\org\seleniumhq\selenium\selenium-firefox-driver\3.6.0\selenium-firefox-driver-3.6.0.jar;C:\Users\1234\.m2\repository\org\seleniumhq\selenium\selenium-ie-driver\3.6.0\selenium-ie-driver-3.6.0.jar;C:\Users\1234\.m2\repository\org\seleniumhq\selenium\selenium-opera-driver\3.6.0\selenium-opera-driver-3.6.0.jar;C:\Users\1234\.m2\repository\org\seleniumhq\selenium\selenium-remote-driver\3.6.0\selenium-remote-driver-3.6.0.jar;C:\Users\1234\.m2\repository\org\seleniumhq\selenium\selenium-safari-driver\3.6.0\selenium-safari-driver-3.6.0.jar;C:\Users\1234\.m2\repository\org\seleniumhq\selenium\selenium-support\3.6.0\selenium-support-3.6.0.jar;C:\Users\1234\.m2\repository\net\bytebuddy\byte-buddy\1.7.5\byte-buddy-1.7.5.jar;C:\Users\1234\.m2\repository\org\apache\commons\commons-exec\1.3\commons-exec-1.3.jar;C:\Users\1234\.m2\repository\commons-codec\commons-codec\1.10\commons-codec-1.10.jar;C:\Users\1234\.m2\repository\commons-logging\commons-logging\1.2\commons-logging-1.2.jar;C:\Users\1234\.m2\repository\com\google\code\gson\gson\2.8.0\gson-2.8.0.jar;C:\Users\1234\.m2\repository\com\google\guava\guava\23.0\guava-23.0.jar;C:\Users\1234\.m2\repository\com\google\code\findbugs\jsr305\1.3.9\jsr305-1.3.9.jar;C:\Users\1234\.m2\repository\com\google\errorprone\error_prone_annotations\2.0.18\error_prone_annotations-2.0.18.jar;C:\Users\1234\.m2\repository\com\google\j2objc\j2objc-annotations\1.1\j2objc-annotations-1.1.jar;C:\Users\1234\.m2\repository\org\codehaus\mojo\animal-sniffer-annotations\1.14\animal-sniffer-annotations-1.14.jar;C:\Users\1234\.m2\repository\org\apache\httpcomponents\httpclient\4.5.3\httpclient-4.5.3.jar;C:\Users\1234\.m2\repository\org\apache\httpcomponents\httpcore\4.4.6\httpcore-4.4.6.jar;C:\Users\1234\.m2\repository\net\java\dev\jna\jna\4.1.0\jna-4.1.0.jar;C:\Users\1234\.m2\repository\net\java\dev\jna\jna-platform\4.1.0\jna-platform-4.1.0.jar;C:\Users\1234\.m2\repository\org\testng\testng\6.11\testng-6.11.jar;C:\Users\1234\.m2\repository\com\beust\jcommander\1.64\jcommander-1.64.jar;C:\Users\1234\.m2\repository\org\yaml\snakeyaml\1.17\snakeyaml-1.17.jar;C:\Users\1234\.m2\repository\commons-io\commons-io\2.6\commons-io-2.6.jar;C:\Users\1234\.m2\repository\org\apache\poi\poi-ooxml\3.17\poi-ooxml-3.17.jar;C:\Users\1234\.m2\repository\org\apache\poi\poi-ooxml-schemas\3.17\poi-ooxml-schemas-3.17.jar;C:\Users\1234\.m2\repository\org\apache\xmlbeans\xmlbeans\2.6.0\xmlbeans-2.6.0.jar;C:\Users\1234\.m2\repository\stax\stax-api\1.0.1\stax-api-1.0.1.jar;C:\Users\1234\.m2\repository\com\github\virtuald\curvesapi\1.04\curvesapi-1.04.jar;C:\Users\1234\.m2\repository\org\apache\poi\poi\3.17\poi-3.17.jar;C:\Users\1234\.m2\repository\org\apache\commons\commons-collections4\4.1\commons-collections4-4.1.jar;C:\Users\1234\.m2\repository\org\apache\logging\log4j\log4j-api\2.4\log4j-api-2.4.jar;C:\Users\1234\.m2\repository\org\apache\logging\log4j\log4j-core\2.4\log4j-core-2.4.jar;C:\Users\1234\.m2\repository\com\aventstack\extentreports\4.1.4\extentreports-4.1.4.jar;C:\Users\1234\.m2\repository\org\freemarker\freemarker\2.3.29\freemarker-2.3.29.jar;C:\Users\1234\.m2\repository\org\apache\httpcomponents\httpmime\4.5.2\httpmime-4.5.2.jar;C:\Users\1234\.m2\repository\org\mongodb\mongodb-driver\3.12.0\mongodb-driver-3.12.0.jar;C:\Users\1234\.m2\repository\org\mongodb\mongodb-driver-core\3.12.0\mongodb-driver-core-3.12.0.jar;C:\Users\1234\.m2\repository\org\mongodb\bson\3.12.0\bson-3.12.0.jar;C:\Users\1234\.m2\repository\com\relevantcodes\extentreports\2.41.2\extentreports-2.41.2.jar;C:\Users\1234\.m2\repository\org\jsoup\jsoup\1.8.3\jsoup-1.8.3.jar;C:\Users\1234\.m2\repository\org\xerial\sqlite-jdbc\3.8.11.1\sqlite-jdbc-3.8.11.1.jar;"/>
    <property name="java.vm.vendor" value="Oracle Corporation"/>
    <property name="sun.arch.data.model" value="64"/>
    <property name="user.variant" value=""/>
    <property name="java.vendor.url" value="http://java.oracle.com/"/>
    <property name="user.timezone" value="America/Los_Angeles"/>
    <property name="java.vm.specification.version" value="1.8"/>
    <property name="os.name" value="Windows 8.1"/>
    <property name="user.country" value="US"/>
    <property name="sun.java.launcher" value="SUN_STANDARD"/>
    <property name="sun.boot.library.path" value="C:\Program Files\Java\jdk1.8.0_181\jre\bin"/>
    <property name="sun.java.command" value="C:\Users\1234\AppData\Local\Temp\surefire8076307933053868295\surefirebooter1291625332209119332.jar C:\Users\1234\AppData\Local\Temp\surefire8076307933053868295 2020-10-10T00-05-13_645-jvmRun1 surefire7228066046389001852tmp surefire_0880800880335715410tmp"/>
    <property name="surefire.test.class.path" value="C:\Users\1234\TestNGProject\goibio\target\test-classes;C:\Users\1234\TestNGProject\goibio\target\classes;C:\Users\1234\.m2\repository\junit\junit\3.8.1\junit-3.8.1.jar;C:\Users\1234\.m2\repository\org\seleniumhq\selenium\selenium-java\3.6.0\selenium-java-3.6.0.jar;C:\Users\1234\.m2\repository\org\seleniumhq\selenium\selenium-api\3.6.0\selenium-api-3.6.0.jar;C:\Users\1234\.m2\repository\org\seleniumhq\selenium\selenium-chrome-driver\3.6.0\selenium-chrome-driver-3.6.0.jar;C:\Users\1234\.m2\repository\org\seleniumhq\selenium\selenium-edge-driver\3.6.0\selenium-edge-driver-3.6.0.jar;C:\Users\1234\.m2\repository\org\seleniumhq\selenium\selenium-firefox-driver\3.6.0\selenium-firefox-driver-3.6.0.jar;C:\Users\1234\.m2\repository\org\seleniumhq\selenium\selenium-ie-driver\3.6.0\selenium-ie-driver-3.6.0.jar;C:\Users\1234\.m2\repository\org\seleniumhq\selenium\selenium-opera-driver\3.6.0\selenium-opera-driver-3.6.0.jar;C:\Users\1234\.m2\repository\org\seleniumhq\selenium\selenium-remote-driver\3.6.0\selenium-remote-driver-3.6.0.jar;C:\Users\1234\.m2\repository\org\seleniumhq\selenium\selenium-safari-driver\3.6.0\selenium-safari-driver-3.6.0.jar;C:\Users\1234\.m2\repository\org\seleniumhq\selenium\selenium-support\3.6.0\selenium-support-3.6.0.jar;C:\Users\1234\.m2\repository\net\bytebuddy\byte-buddy\1.7.5\byte-buddy-1.7.5.jar;C:\Users\1234\.m2\repository\org\apache\commons\commons-exec\1.3\commons-exec-1.3.jar;C:\Users\1234\.m2\repository\commons-codec\commons-codec\1.10\commons-codec-1.10.jar;C:\Users\1234\.m2\repository\commons-logging\commons-logging\1.2\commons-logging-1.2.jar;C:\Users\1234\.m2\repository\com\google\code\gson\gson\2.8.0\gson-2.8.0.jar;C:\Users\1234\.m2\repository\com\google\guava\guava\23.0\guava-23.0.jar;C:\Users\1234\.m2\repository\com\google\code\findbugs\jsr305\1.3.9\jsr305-1.3.9.jar;C:\Users\1234\.m2\repository\com\google\errorprone\error_prone_annotations\2.0.18\error_prone_annotations-2.0.18.jar;C:\Users\1234\.m2\repository\com\google\j2objc\j2objc-annotations\1.1\j2objc-annotations-1.1.jar;C:\Users\1234\.m2\repository\org\codehaus\mojo\animal-sniffer-annotations\1.14\animal-sniffer-annotations-1.14.jar;C:\Users\1234\.m2\repository\org\apache\httpcomponents\httpclient\4.5.3\httpclient-4.5.3.jar;C:\Users\1234\.m2\repository\org\apache\httpcomponents\httpcore\4.4.6\httpcore-4.4.6.jar;C:\Users\1234\.m2\repository\net\java\dev\jna\jna\4.1.0\jna-4.1.0.jar;C:\Users\1234\.m2\repository\net\java\dev\jna\jna-platform\4.1.0\jna-platform-4.1.0.jar;C:\Users\1234\.m2\repository\org\testng\testng\6.11\testng-6.11.jar;C:\Users\1234\.m2\repository\com\beust\jcommander\1.64\jcommander-1.64.jar;C:\Users\1234\.m2\repository\org\yaml\snakeyaml\1.17\snakeyaml-1.17.jar;C:\Users\1234\.m2\repository\commons-io\commons-io\2.6\commons-io-2.6.jar;C:\Users\1234\.m2\repository\org\apache\poi\poi-ooxml\3.17\poi-ooxml-3.17.jar;C:\Users\1234\.m2\repository\org\apache\poi\poi-ooxml-schemas\3.17\poi-ooxml-schemas-3.17.jar;C:\Users\1234\.m2\repository\org\apache\xmlbeans\xmlbeans\2.6.0\xmlbeans-2.6.0.jar;C:\Users\1234\.m2\repository\stax\stax-api\1.0.1\stax-api-1.0.1.jar;C:\Users\1234\.m2\repository\com\github\virtuald\curvesapi\1.04\curvesapi-1.04.jar;C:\Users\1234\.m2\repository\org\apache\poi\poi\3.17\poi-3.17.jar;C:\Users\1234\.m2\repository\org\apache\commons\commons-collections4\4.1\commons-collections4-4.1.jar;C:\Users\1234\.m2\repository\org\apache\logging\log4j\log4j-api\2.4\log4j-api-2.4.jar;C:\Users\1234\.m2\repository\org\apache\logging\log4j\log4j-core\2.4\log4j-core-2.4.jar;C:\Users\1234\.m2\repository\com\aventstack\extentreports\4.1.4\extentreports-4.1.4.jar;C:\Users\1234\.m2\repository\org\freemarker\freemarker\2.3.29\freemarker-2.3.29.jar;C:\Users\1234\.m2\repository\org\apache\httpcomponents\httpmime\4.5.2\httpmime-4.5.2.jar;C:\Users\1234\.m2\repository\org\mongodb\mongodb-driver\3.12.0\mongodb-driver-3.12.0.jar;C:\Users\1234\.m2\repository\org\mongodb\mongodb-driver-core\3.12.0\mongodb-driver-core-3.12.0.jar;C:\Users\1234\.m2\repository\org\mongodb\bson\3.12.0\bson-3.12.0.jar;C:\Users\1234\.m2\repository\com\relevantcodes\extentreports\2.41.2\extentreports-2.41.2.jar;C:\Users\1234\.m2\repository\org\jsoup\jsoup\1.8.3\jsoup-1.8.3.jar;C:\Users\1234\.m2\repository\org\xerial\sqlite-jdbc\3.8.11.1\sqlite-jdbc-3.8.11.1.jar;"/>
    <property name="sun.cpu.endian" value="little"/>
    <property name="user.home" value="C:\Users\1234"/>
    <property name="user.language" value="en"/>
    <property name="java.specification.vendor" value="Oracle Corporation"/>
    <property name="java.home" value="C:\Program Files\Java\jdk1.8.0_181\jre"/>
    <property name="basedir" value="C:\Users\1234\TestNGProject\goibio"/>
    <property name="file.separator" value="\"/>
    <property name="line.separator" value="&#10;"/>
    <property name="java.vm.specification.vendor" value="Oracle Corporation"/>
    <property name="java.specification.name" value="Java Platform API Specification"/>
    <property name="java.awt.graphicsenv" value="sun.awt.Win32GraphicsEnvironment"/>
    <property name="surefire.real.class.path" value="C:\Users\1234\AppData\Local\Temp\surefire8076307933053868295\surefirebooter1291625332209119332.jar"/>
    <property name="sun.boot.class.path" value="C:\Program Files\Java\jdk1.8.0_181\jre\lib\resources.jar;C:\Program Files\Java\jdk1.8.0_181\jre\lib\rt.jar;C:\Program Files\Java\jdk1.8.0_181\jre\lib\sunrsasign.jar;C:\Program Files\Java\jdk1.8.0_181\jre\lib\jsse.jar;C:\Program Files\Java\jdk1.8.0_181\jre\lib\jce.jar;C:\Program Files\Java\jdk1.8.0_181\jre\lib\charsets.jar;C:\Program Files\Java\jdk1.8.0_181\jre\lib\jfr.jar;C:\Program Files\Java\jdk1.8.0_181\jre\classes"/>
    <property name="user.script" value=""/>
    <property name="sun.management.compiler" value="HotSpot 64-Bit Tiered Compilers"/>
    <property name="java.runtime.version" value="1.8.0_181-b13"/>
    <property name="user.name" value="1234"/>
    <property name="path.separator" value=";"/>
    <property name="os.version" value="6.3"/>
    <property name="java.endorsed.dirs" value="C:\Program Files\Java\jdk1.8.0_181\jre\lib\endorsed"/>
    <property name="java.runtime.name" value="Java(TM) SE Runtime Environment"/>
    <property name="file.encoding" value="Cp1252"/>
    <property name="jnidispatch.path" value="C:\Users\1234\AppData\Local\Temp\jna-1509442\jna7347138233257401772.dll"/>
    <property name="java.vm.name" value="Java HotSpot(TM) 64-Bit Server VM"/>
    <property name="localRepository" value="C:\Users\1234\.m2\repository"/>
    <property name="java.vendor.url.bug" value="http://bugreport.sun.com/bugreport/"/>
    <property name="java.io.tmpdir" value="C:\Users\1234\AppData\Local\Temp\"/>
    <property name="java.version" value="1.8.0_181"/>
    <property name="user.dir" value="C:\Users\1234\TestNGProject\goibio"/>
    <property name="os.arch" value="amd64"/>
    <property name="java.vm.specification.name" value="Java Virtual Machine Specification"/>
    <property name="java.awt.printerjob" value="sun.awt.windows.WPrinterJob"/>
    <property name="sun.os.patch.level" value=""/>
    <property name="java.library.path" value="C:\Program Files\Java\jdk1.8.0_181\jre\bin;C:\Windows\Sun\Java\bin;C:\Windows\system32;C:\Windows;C:\work\apache-maven-3.6.3\bin;C:\Program Files\Git\cmd;C:\Program Files\nodejs\;C:\Users\1234\AppData\Local\Programs\Python\Python37\Scripts\;C:\Users\1234\AppData\Local\Programs\Python\Python37\;C:\Program Files\Java\jdk1.8.0_181\bin;C:\Users\1234\AppData\Roaming\npm;."/>
    <property name="java.vm.info" value="mixed mode"/>
    <property name="java.vendor" value="Oracle Corporation"/>
    <property name="java.vm.version" value="25.181-b13"/>
    <property name="java.ext.dirs" value="C:\Program Files\Java\jdk1.8.0_181\jre\lib\ext;C:\Windows\Sun\Java\lib\ext"/>
    <property name="sun.io.unicode.encoding" value="UnicodeLittle"/>
    <property name="java.class.version" value="52.0"/>
  </properties>
  <testcase name="OnewayTripBookingTest[Delhi (DEL), Mumbai (BOM), 18 October 2020](1)" classname="com.goibio.testcases.OnewayFlightBookingTest" time="44.23">
    <system-out><![CDATA[00:05:49.682 [main] INFO  com.goibio.testcases.OnewayFlightBookingTest - Successfully Entered Source Value
00:05:55.441 [main] INFO  com.goibio.testcases.OnewayFlightBookingTest - Successfully Entered Destination Value
00:05:58.361 [main] INFO  com.goibio.testcases.OnewayFlightBookingTest - Successfully Selected Depature Date
00:05:59.114 [main] INFO  com.goibio.testcases.OnewayFlightBookingTest - Clicked on Search Button
00:06:06.882 [main] INFO  com.goibio.testcases.OnewayFlightBookingTest - Clicked on Book Button
00:06:10.401 [main] INFO  com.goibio.testcases.OnewayFlightBookingTest - Selected Secureravell Protection
00:06:12.584 [main] INFO  com.goibio.testcases.OnewayFlightBookingTest - Entered Traveller Details
00:06:12.993 [main] INFO  com.goibio.testcases.OnewayFlightBookingTest - Clicked on Procced Buton
00:06:19.000 [main] INFO  com.goibio.testcases.OnewayFlightBookingTest - Clicked OnCovid19pop Buton
00:06:19.589 [main] INFO  com.goibio.testcases.OnewayFlightBookingTest - Clicked Payment Buton
00:06:26.897 [main] INFO  com.goibio.testcases.OnewayFlightBookingTest - Selected Amazon Pay Payment Method
]]></system-out>
    <system-err><![CDATA[Starting ChromeDriver 86.0.4240.22 (398b0743353ff36fb1b82468f63a3a93b4e2e89e-refs/branch-heads/4240@{#378}) on port 38767
Only local connections are allowed.
Please see https://chromedriver.chromium.org/security-considerations for suggestions on keeping ChromeDriver safe.
ChromeDriver was started successfully.
Oct 10, 2020 12:05:26 AM org.openqa.selenium.remote.ProtocolHandshake createSession
INFO: Detected dialect: W3C
]]></system-err>
  </testcase>
  <testcase name="verifyingGoibioHomePageTitle" classname="com.goibio.testcases.RoundTripBookingTest" time="0.136">
    <system-out><![CDATA[00:06:46.123 [main] INFO  com.goibio.testcases.RoundTripBookingTest - validating index PageTitle
]]></system-out>
    <system-err><![CDATA[Starting ChromeDriver 86.0.4240.22 (398b0743353ff36fb1b82468f63a3a93b4e2e89e-refs/branch-heads/4240@{#378}) on port 34179
Only local connections are allowed.
Please see https://chromedriver.chromium.org/security-considerations for suggestions on keeping ChromeDriver safe.
ChromeDriver was started successfully.
Oct 10, 2020 12:06:32 AM org.openqa.selenium.remote.ProtocolHandshake createSession
INFO: Detected dialect: W3C
]]></system-err>
  </testcase>
  <testcase name="roundTripFlightBookingTest[Delhi (DEL), Mumbai (BOM), 15 October 2020, 18 October 2020](1)" classname="com.goibio.testcases.RoundTripBookingTest" time="63.408">
    <system-out><![CDATA[00:06:47.435 [main] INFO  com.goibio.testcases.RoundTripBookingTest - Successfully Clicked on RoundTrip Button
00:06:53.198 [main] INFO  com.goibio.testcases.RoundTripBookingTest - Successfully Entered Source Value
00:06:58.889 [main] INFO  com.goibio.testcases.RoundTripBookingTest - Successfully Entered Destination Value
00:07:01.713 [main] INFO  com.goibio.testcases.RoundTripBookingTest - Successfully Selected Depature Date
00:07:04.111 [main] INFO  com.goibio.testcases.RoundTripBookingTest - Successfully EnteredSource Value
00:07:04.702 [main] INFO  com.goibio.testcases.RoundTripBookingTest - Clicked on Search Button
00:07:19.873 [main] INFO  com.goibio.testcases.RoundTripBookingTest - Sorted Price in Descending Order
00:07:20.824 [main] INFO  com.goibio.testcases.RoundTripBookingTest - Selected Depature and Return Flights
00:07:22.056 [main] INFO  com.goibio.testcases.RoundTripBookingTest - Clicked on Book Button
00:07:24.710 [main] INFO  com.goibio.testcases.RoundTripBookingTest - Selected Secureravell Protection
00:07:37.629 [main] INFO  com.goibio.testcases.RoundTripBookingTest - Entered Traveller Details
00:07:40.061 [main] INFO  com.goibio.testcases.RoundTripBookingTest - Clicked on Procced Buton
00:07:40.829 [main] INFO  com.goibio.testcases.RoundTripBookingTest - Clicked OnCovid19pop Buton
00:07:41.349 [main] INFO  com.goibio.testcases.RoundTripBookingTest - Clicked Payment Buton
00:07:49.420 [main] INFO  com.goibio.testcases.RoundTripBookingTest - Selected Amazon Pay Payment Method
]]></system-out>
  </testcase>
</testsuite>