<?xml version="1.0" encoding="UTF-8"?>
<!-- Generated by org.testng.reporters.JUnitReportReporter -->
<testsuite skipped="0" hostname="123mm" name="Goibio.goibio.AppTest" tests="1" failures="0" timestamp="27 Sep 2020 02:05:17 GMT" time="0.002" errors="0">
  <testcase name="testApp" time="0.002" classname="Goibio.goibio.AppTest"/>
</testsuite> <!-- Goibio.goibio.AppTest -->
