<?xml version="1.0" encoding="UTF-8"?>
<!-- Generated by org.testng.reporters.JUnitReportReporter -->
<testsuite skipped="0" hostname="123mm" name="com.goibio.dataprovider.DataProviders" tests="1" failures="0" timestamp="06 Oct 2020 23:23:08 GMT" time="0.031" errors="0">
  <testcase name="apple" time="0.031" classname="com.goibio.dataprovider.DataProviders"/>
</testsuite> <!-- com.goibio.dataprovider.DataProviders -->
