<?xml version="1.0" encoding="UTF-8"?>
<!-- Generated by org.testng.reporters.JUnitReportReporter -->
<testsuite skipped="0" hostname="123mm" name="com.goibio.testcases.RoundTripBookingTest" tests="2" failures="0" timestamp="10 Oct 2020 02:33:29 GMT" time="50.772" errors="0">
  <testcase name="verifyingGoibioHomePageTitle" time="0.506" classname="com.goibio.testcases.RoundTripBookingTest"/>
  <testcase name="roundTripFlightBookingTest" time="50.266" classname="com.goibio.testcases.RoundTripBookingTest"/>
</testsuite> <!-- com.goibio.testcases.RoundTripBookingTest -->
