<?xml version="1.0" encoding="UTF-8"?>
<!-- Generated by org.testng.reporters.JUnitReportReporter -->
<testsuite skipped="0" hostname="123mm" name="com.goibio.testcases.FlightBookingTest" tests="1" failures="0" timestamp="09 Oct 2020 03:03:39 GMT" time="75.262" errors="0">
  <testcase name="roundTripBookingTest" time="75.262" classname="com.goibio.testcases.FlightBookingTest"/>
</testsuite> <!-- com.goibio.testcases.FlightBookingTest -->
