<?xml version="1.0" encoding="UTF-8"?>
<!-- Generated by org.testng.reporters.JUnitReportReporter -->
<testsuite skipped="0" hostname="123mm" name="com.goibio.testcases.FlightBookingTest" tests="1" failures="0" timestamp="26 Sep 2020 05:53:03 GMT" time="69.186" errors="0">
  <testcase name="flightbooking" time="69.186" classname="com.goibio.testcases.FlightBookingTest"/>
</testsuite> <!-- com.goibio.testcases.FlightBookingTest -->
