<?xml version="1.0" encoding="UTF-8"?>
<!-- Generated by org.testng.reporters.JUnitReportReporter -->
<testsuite skipped="0" hostname="123mm" name="com.goibio.testcases.RoundTripBookingTest" tests="2" failures="0" timestamp="24 Oct 2020 06:40:27 GMT" time="102.682" errors="0">
  <testcase name="verifyingGoibioHomePageTitle" time="0.320" classname="com.goibio.testcases.RoundTripBookingTest"/>
  <testcase name="roundTripFlightBookingTest" time="102.362" classname="com.goibio.testcases.RoundTripBookingTest"/>
</testsuite> <!-- com.goibio.testcases.RoundTripBookingTest -->
