<?xml version="1.0" encoding="UTF-8"?>
<!-- Generated by org.testng.reporters.JUnitReportReporter -->
<testsuite skipped="0" hostname="123mm" name="com.goibio.testcases.OnewayFlightBookingTest" tests="1" failures="0" timestamp="11 Oct 2020 02:43:12 GMT" time="46.794" errors="0">
  <testcase name="OnewayTripBookingTest" time="46.794" classname="com.goibio.testcases.OnewayFlightBookingTest"/>
</testsuite> <!-- com.goibio.testcases.OnewayFlightBookingTest -->
