<?xml version="1.0" encoding="UTF-8"?>
<!-- Generated by org.testng.reporters.JUnitReportReporter -->
<testsuite skipped="0" hostname="123mm" name="com.goibio.testcases.RoundTripBookingTest" tests="2" failures="0" timestamp="10 Oct 2020 07:07:51 GMT" time="63.297" errors="0">
  <testcase name="verifyingGoibioHomePageTitle" time="0.216" classname="com.goibio.testcases.RoundTripBookingTest"/>
  <testcase name="roundTripFlightBookingTest" time="63.081" classname="com.goibio.testcases.RoundTripBookingTest"/>
</testsuite> <!-- com.goibio.testcases.RoundTripBookingTest -->
