<?xml version="1.0" encoding="UTF-8"?>
<!-- Generated by org.testng.reporters.JUnitReportReporter -->
<testsuite skipped="0" hostname="123mm" name="com.goibio.testcases.FlightBookingTest" tests="1" failures="0" timestamp="07 Oct 2020 03:18:02 GMT" time="37.796" errors="0">
  <testcase name="flightbooking" time="37.796" classname="com.goibio.testcases.FlightBookingTest"/>
</testsuite> <!-- com.goibio.testcases.FlightBookingTest -->
