<?xml version="1.0" encoding="UTF-8"?>
<!-- Generated by org.testng.reporters.JUnitReportReporter -->
<testsuite skipped="0" hostname="123mm" name="com.goibio.testcases.OnewayFlightBookingTest" tests="1" failures="0" timestamp="10 Oct 2020 07:07:51 GMT" time="44.097" errors="0">
  <testcase name="OnewayTripBookingTest" time="44.097" classname="com.goibio.testcases.OnewayFlightBookingTest"/>
</testsuite> <!-- com.goibio.testcases.OnewayFlightBookingTest -->
